Started GET "/" for 127.0.0.1 at 2018-12-03 19:06:53 +0000
  
ActiveRecord::PendingMigrationError (

Migrations are pending. To resolve this issue, run:

        bin/rails db:migrate RAILS_ENV=development

):
  
activerecord (5.2.1.1) lib/active_record/migration.rb:579:in `check_pending!'
activerecord (5.2.1.1) lib/active_record/migration.rb:556:in `call'
actionpack (5.2.1.1) lib/action_dispatch/middleware/callbacks.rb:28:in `block in call'
activesupport (5.2.1.1) lib/active_support/callbacks.rb:98:in `run_callbacks'
actionpack (5.2.1.1) lib/action_dispatch/middleware/callbacks.rb:26:in `call'
actionpack (5.2.1.1) lib/action_dispatch/middleware/executor.rb:14:in `call'
actionpack (5.2.1.1) lib/action_dispatch/middleware/debug_exceptions.rb:61:in `call'
web-console (3.7.0) lib/web_console/middleware.rb:135:in `call_app'
web-console (3.7.0) lib/web_console/middleware.rb:30:in `block in call'
web-console (3.7.0) lib/web_console/middleware.rb:20:in `catch'
web-console (3.7.0) lib/web_console/middleware.rb:20:in `call'
actionpack (5.2.1.1) lib/action_dispatch/middleware/show_exceptions.rb:33:in `call'
railties (5.2.1.1) lib/rails/rack/logger.rb:38:in `call_app'
railties (5.2.1.1) lib/rails/rack/logger.rb:26:in `block in call'
activesupport (5.2.1.1) lib/active_support/tagged_logging.rb:71:in `block in tagged'
activesupport (5.2.1.1) lib/active_support/tagged_logging.rb:28:in `tagged'
activesupport (5.2.1.1) lib/active_support/tagged_logging.rb:71:in `tagged'
railties (5.2.1.1) lib/rails/rack/logger.rb:26:in `call'
sprockets-rails (3.2.1) lib/sprockets/rails/quiet_assets.rb:13:in `call'
actionpack (5.2.1.1) lib/action_dispatch/middleware/remote_ip.rb:81:in `call'
actionpack (5.2.1.1) lib/action_dispatch/middleware/request_id.rb:27:in `call'
rack (2.0.6) lib/rack/method_override.rb:22:in `call'
rack (2.0.6) lib/rack/runtime.rb:22:in `call'
activesupport (5.2.1.1) lib/active_support/cache/strategy/local_cache_middleware.rb:29:in `call'
actionpack (5.2.1.1) lib/action_dispatch/middleware/executor.rb:14:in `call'
actionpack (5.2.1.1) lib/action_dispatch/middleware/static.rb:127:in `call'
rack (2.0.6) lib/rack/sendfile.rb:111:in `call'
railties (5.2.1.1) lib/rails/engine.rb:524:in `call'
puma (3.12.0) lib/puma/configuration.rb:225:in `call'
puma (3.12.0) lib/puma/server.rb:658:in `handle_request'
puma (3.12.0) lib/puma/server.rb:472:in `process_client'
puma (3.12.0) lib/puma/server.rb:332:in `block in run'
puma (3.12.0) lib/puma/thread_pool.rb:133:in `block in spawn_thread'
  [1m[35m (0.1ms)[0m  [1m[34mSELECT sqlite_version(*)[0m
  ↳ bin/rails:9
  [1m[35m (2.3ms)[0m  [1m[35mCREATE TABLE "schema_migrations" ("version" varchar NOT NULL PRIMARY KEY)[0m
  ↳ bin/rails:9
  [1m[35m (2.2ms)[0m  [1m[35mCREATE TABLE "ar_internal_metadata" ("key" varchar NOT NULL PRIMARY KEY, "value" varchar, "created_at" datetime NOT NULL, "updated_at" datetime NOT NULL)[0m
  ↳ bin/rails:9
  [1m[35m (0.2ms)[0m  [1m[34mSELECT "schema_migrations"."version" FROM "schema_migrations" ORDER BY "schema_migrations"."version" ASC[0m
  ↳ bin/rails:9
Migrating to CreateMusicians (20181203165127)
  [1m[35m (0.1ms)[0m  [1m[36mbegin transaction[0m
  ↳ bin/rails:9
  [1m[35m (8.1ms)[0m  [1m[35mCREATE TABLE "musicians" ("id" integer PRIMARY KEY AUTOINCREMENT NOT NULL, "first_name" varchar, "last_name" varchar, "username" varchar, "email" varchar, "password" varchar, "location" varchar, "bio" varchar, "created_at" datetime NOT NULL, "updated_at" datetime NOT NULL)[0m
  ↳ db/migrate/20181203165127_create_musicians.rb:3
  [1m[36mActiveRecord::SchemaMigration Create (0.3ms)[0m  [1m[32mINSERT INTO "schema_migrations" ("version") VALUES (?)[0m  [["version", "20181203165127"]]
  ↳ bin/rails:9
  [1m[35m (21.2ms)[0m  [1m[36mcommit transaction[0m
  ↳ bin/rails:9
Migrating to CreateBands (20181203165332)
  [1m[35m (0.1ms)[0m  [1m[36mbegin transaction[0m
  ↳ bin/rails:9
  [1m[35m (0.6ms)[0m  [1m[35mCREATE TABLE "bands" ("id" integer PRIMARY KEY AUTOINCREMENT NOT NULL, "name" varchar, "location" varchar, "bio" varchar, "created_at" datetime NOT NULL, "updated_at" datetime NOT NULL)[0m
  ↳ db/migrate/20181203165332_create_bands.rb:3
  [1m[36mActiveRecord::SchemaMigration Create (0.3ms)[0m  [1m[32mINSERT INTO "schema_migrations" ("version") VALUES (?)[0m  [["version", "20181203165332"]]
  ↳ bin/rails:9
  [1m[35m (2.2ms)[0m  [1m[36mcommit transaction[0m
  ↳ bin/rails:9
Migrating to CreateInstruments (20181203165359)
  [1m[35m (0.1ms)[0m  [1m[36mbegin transaction[0m
  ↳ bin/rails:9
  [1m[35m (0.4ms)[0m  [1m[35mCREATE TABLE "instruments" ("id" integer PRIMARY KEY AUTOINCREMENT NOT NULL, "name" varchar, "created_at" datetime NOT NULL, "updated_at" datetime NOT NULL)[0m
  ↳ db/migrate/20181203165359_create_instruments.rb:3
  [1m[36mActiveRecord::SchemaMigration Create (0.2ms)[0m  [1m[32mINSERT INTO "schema_migrations" ("version") VALUES (?)[0m  [["version", "20181203165359"]]
  ↳ bin/rails:9
  [1m[35m (1.6ms)[0m  [1m[36mcommit transaction[0m
  ↳ bin/rails:9
Migrating to CreateMusicianInstruments (20181203184727)
  [1m[35m (0.1ms)[0m  [1m[36mbegin transaction[0m
  ↳ bin/rails:9
  [1m[35m (0.4ms)[0m  [1m[35mCREATE TABLE "musician_instruments" ("id" integer PRIMARY KEY AUTOINCREMENT NOT NULL, "musician_id" integer, "instrument_id" integer, "created_at" datetime NOT NULL, "updated_at" datetime NOT NULL)[0m
  ↳ db/migrate/20181203184727_create_musician_instruments.rb:3
  [1m[36mActiveRecord::SchemaMigration Create (0.2ms)[0m  [1m[32mINSERT INTO "schema_migrations" ("version") VALUES (?)[0m  [["version", "20181203184727"]]
  ↳ bin/rails:9
  [1m[35m (1.7ms)[0m  [1m[36mcommit transaction[0m
  ↳ bin/rails:9
Migrating to CreateBandMusicians (20181203185034)
  [1m[35m (0.1ms)[0m  [1m[36mbegin transaction[0m
  ↳ bin/rails:9
  [1m[35m (0.6ms)[0m  [1m[35mCREATE TABLE "band_musicians" ("id" integer PRIMARY KEY AUTOINCREMENT NOT NULL, "band_id" integer, "musician_id" integer, "created_at" datetime NOT NULL, "updated_at" datetime NOT NULL)[0m
  ↳ db/migrate/20181203185034_create_band_musicians.rb:3
  [1m[36mActiveRecord::SchemaMigration Create (0.3ms)[0m  [1m[32mINSERT INTO "schema_migrations" ("version") VALUES (?)[0m  [["version", "20181203185034"]]
  ↳ bin/rails:9
  [1m[35m (1.6ms)[0m  [1m[36mcommit transaction[0m
  ↳ bin/rails:9
Migrating to CreateOpenings (20181203185244)
  [1m[35m (0.1ms)[0m  [1m[36mbegin transaction[0m
  ↳ bin/rails:9
  [1m[35m (0.4ms)[0m  [1m[35mCREATE TABLE "openings" ("id" integer PRIMARY KEY AUTOINCREMENT NOT NULL, "instrument_id" integer, "band_id" integer, "musician_id" integer, "created_at" datetime NOT NULL, "updated_at" datetime NOT NULL)[0m
  ↳ db/migrate/20181203185244_create_openings.rb:3
  [1m[36mActiveRecord::SchemaMigration Create (0.2ms)[0m  [1m[32mINSERT INTO "schema_migrations" ("version") VALUES (?)[0m  [["version", "20181203185244"]]
  ↳ bin/rails:9
  [1m[35m (4.7ms)[0m  [1m[36mcommit transaction[0m
  ↳ bin/rails:9
  [1m[36mActiveRecord::InternalMetadata Load (0.2ms)[0m  [1m[34mSELECT  "ar_internal_metadata".* FROM "ar_internal_metadata" WHERE "ar_internal_metadata"."key" = ? LIMIT ?[0m  [["key", "environment"], ["LIMIT", 1]]
  ↳ bin/rails:9
  [1m[35m (0.1ms)[0m  [1m[36mbegin transaction[0m
  ↳ bin/rails:9
  [1m[36mActiveRecord::InternalMetadata Create (1.1ms)[0m  [1m[32mINSERT INTO "ar_internal_metadata" ("key", "value", "created_at", "updated_at") VALUES (?, ?, ?, ?)[0m  [["key", "environment"], ["value", "development"], ["created_at", "2018-12-03 19:07:09.522383"], ["updated_at", "2018-12-03 19:07:09.522383"]]
  ↳ bin/rails:9
  [1m[35m (1.7ms)[0m  [1m[36mcommit transaction[0m
  ↳ bin/rails:9
  [1m[35m (0.3ms)[0m  [1m[34mSELECT "schema_migrations"."version" FROM "schema_migrations" ORDER BY "schema_migrations"."version" ASC[0m
  ↳ bin/rails:9
Started GET "/" for 127.0.0.1 at 2018-12-03 19:07:28 +0000
  [1m[35m (0.3ms)[0m  [1m[34mSELECT "schema_migrations"."version" FROM "schema_migrations" ORDER BY "schema_migrations"."version" ASC[0m
  ↳ /Users/flatironschool/.rvm/gems/ruby-2.3.3/gems/activerecord-5.2.1.1/lib/active_record/log_subscriber.rb:98
Processing by Rails::WelcomeController#index as HTML
  Rendering /Users/flatironschool/.rvm/gems/ruby-2.3.3/gems/railties-5.2.1.1/lib/rails/templates/rails/welcome/index.html.erb
  Rendered /Users/flatironschool/.rvm/gems/ruby-2.3.3/gems/railties-5.2.1.1/lib/rails/templates/rails/welcome/index.html.erb (3.8ms)
Completed 200 OK in 21ms (Views: 8.6ms | ActiveRecord: 0.0ms)


Started GET "/bands" for 127.0.0.1 at 2018-12-03 19:07:36 +0000
Processing by BandsController#index as HTML
  Rendering bands/index.html.erb within layouts/application
  Rendered bands/index.html.erb within layouts/application (0.6ms)
Completed 200 OK in 1211ms (Views: 1207.5ms | ActiveRecord: 0.0ms)


Started GET "/" for 127.0.0.1 at 2018-12-04 09:08:15 +0000
  [1m[35m (0.3ms)[0m  [1m[34mSELECT "schema_migrations"."version" FROM "schema_migrations" ORDER BY "schema_migrations"."version" ASC[0m
  ↳ /Users/kenanberker/.rvm/gems/ruby-2.3.3/gems/activerecord-5.2.1.1/lib/active_record/log_subscriber.rb:98
Processing by Rails::WelcomeController#index as HTML
  Rendering /Users/kenanberker/.rvm/gems/ruby-2.3.3/gems/railties-5.2.1.1/lib/rails/templates/rails/welcome/index.html.erb
  Rendered /Users/kenanberker/.rvm/gems/ruby-2.3.3/gems/railties-5.2.1.1/lib/rails/templates/rails/welcome/index.html.erb (5.3ms)
Completed 200 OK in 31ms (Views: 19.9ms | ActiveRecord: 0.0ms)


Started GET "/musicians" for 127.0.0.1 at 2018-12-04 09:08:29 +0000
Processing by MusiciansController#index as HTML
  Rendering musicians/index.html.erb within layouts/application
  Rendered musicians/index.html.erb within layouts/application (0.3ms)
Completed 200 OK in 445ms (Views: 441.0ms | ActiveRecord: 0.0ms)


Started GET "/bands" for 127.0.0.1 at 2018-12-04 09:08:41 +0000
Processing by BandsController#index as HTML
  Rendering bands/index.html.erb within layouts/application
  Rendered bands/index.html.erb within layouts/application (0.6ms)
Completed 200 OK in 47ms (Views: 42.6ms | ActiveRecord: 0.0ms)


  [1m[36mMusician Load (0.5ms)[0m  [1m[34mSELECT  "musicians".* FROM "musicians" LIMIT ?[0m  [["LIMIT", 11]]
  [1m[35m (0.1ms)[0m  [1m[34mSELECT "schema_migrations"."version" FROM "schema_migrations" ORDER BY "schema_migrations"."version" ASC[0m
  ↳ bin/rails:9
  [1m[35m (0.1ms)[0m  [1m[34mSELECT "ar_internal_metadata"."value" FROM "ar_internal_metadata" WHERE "ar_internal_metadata"."key" = ?[0m  [["key", "environment"]]
  ↳ bin/rails:9
  [1m[35m (0.1ms)[0m  [1m[34mSELECT "schema_migrations"."version" FROM "schema_migrations" ORDER BY "schema_migrations"."version" ASC[0m
  ↳ bin/rails:9
  [1m[35m (0.1ms)[0m  [1m[34mSELECT "ar_internal_metadata"."value" FROM "ar_internal_metadata" WHERE "ar_internal_metadata"."key" = ?[0m  [["key", "environment"]]
  ↳ bin/rails:9
  [1m[35m (0.1ms)[0m  [1m[34mSELECT "schema_migrations"."version" FROM "schema_migrations" ORDER BY "schema_migrations"."version" ASC[0m
  ↳ bin/rails:9
  [1m[35m (0.1ms)[0m  [1m[34mSELECT "ar_internal_metadata"."value" FROM "ar_internal_metadata" WHERE "ar_internal_metadata"."key" = ?[0m  [["key", "environment"]]
  ↳ bin/rails:9
  [1m[35m (0.1ms)[0m  [1m[34mSELECT sqlite_version(*)[0m
  ↳ bin/rails:9
  [1m[35m (5.7ms)[0m  [1m[35mCREATE TABLE "schema_migrations" ("version" varchar NOT NULL PRIMARY KEY)[0m
  ↳ bin/rails:9
  [1m[35m (1.1ms)[0m  [1m[35mCREATE TABLE "ar_internal_metadata" ("key" varchar NOT NULL PRIMARY KEY, "value" varchar, "created_at" datetime NOT NULL, "updated_at" datetime NOT NULL)[0m
  ↳ bin/rails:9
  [1m[35m (0.2ms)[0m  [1m[34mSELECT "schema_migrations"."version" FROM "schema_migrations" ORDER BY "schema_migrations"."version" ASC[0m
  ↳ bin/rails:9
Migrating to CreateBands (20181203165332)
  [1m[35m (0.1ms)[0m  [1m[36mbegin transaction[0m
  ↳ bin/rails:9
  [1m[35m (0.5ms)[0m  [1m[35mCREATE TABLE "bands" ("id" integer PRIMARY KEY AUTOINCREMENT NOT NULL, "name" varchar, "location" varchar, "bio" varchar, "created_at" datetime NOT NULL, "updated_at" datetime NOT NULL)[0m
  ↳ db/migrate/20181203165332_create_bands.rb:3
  [1m[36mActiveRecord::SchemaMigration Create (0.2ms)[0m  [1m[32mINSERT INTO "schema_migrations" ("version") VALUES (?)[0m  [["version", "20181203165332"]]
  ↳ bin/rails:9
  [1m[35m (0.7ms)[0m  [1m[36mcommit transaction[0m
  ↳ bin/rails:9
Migrating to CreateInstruments (20181203165359)
  [1m[35m (0.1ms)[0m  [1m[36mbegin transaction[0m
  ↳ bin/rails:9
  [1m[35m (0.4ms)[0m  [1m[35mCREATE TABLE "instruments" ("id" integer PRIMARY KEY AUTOINCREMENT NOT NULL, "name" varchar, "created_at" datetime NOT NULL, "updated_at" datetime NOT NULL)[0m
  ↳ db/migrate/20181203165359_create_instruments.rb:3
  [1m[36mActiveRecord::SchemaMigration Create (0.1ms)[0m  [1m[32mINSERT INTO "schema_migrations" ("version") VALUES (?)[0m  [["version", "20181203165359"]]
  ↳ bin/rails:9
  [1m[35m (0.6ms)[0m  [1m[36mcommit transaction[0m
  ↳ bin/rails:9
Migrating to CreateMusicianInstruments (20181203184727)
  [1m[35m (0.1ms)[0m  [1m[36mbegin transaction[0m
  ↳ bin/rails:9
  [1m[35m (0.6ms)[0m  [1m[35mCREATE TABLE "musician_instruments" ("id" integer PRIMARY KEY AUTOINCREMENT NOT NULL, "musician_id" integer, "instrument_id" integer, "created_at" datetime NOT NULL, "updated_at" datetime NOT NULL)[0m
  ↳ db/migrate/20181203184727_create_musician_instruments.rb:3
  [1m[36mActiveRecord::SchemaMigration Create (0.2ms)[0m  [1m[32mINSERT INTO "schema_migrations" ("version") VALUES (?)[0m  [["version", "20181203184727"]]
  ↳ bin/rails:9
  [1m[35m (0.6ms)[0m  [1m[36mcommit transaction[0m
  ↳ bin/rails:9
Migrating to CreateBandMusicians (20181203185034)
  [1m[35m (0.1ms)[0m  [1m[36mbegin transaction[0m
  ↳ bin/rails:9
  [1m[35m (0.5ms)[0m  [1m[35mCREATE TABLE "band_musicians" ("id" integer PRIMARY KEY AUTOINCREMENT NOT NULL, "band_id" integer, "musician_id" integer, "created_at" datetime NOT NULL, "updated_at" datetime NOT NULL)[0m
  ↳ db/migrate/20181203185034_create_band_musicians.rb:3
  [1m[36mActiveRecord::SchemaMigration Create (0.2ms)[0m  [1m[32mINSERT INTO "schema_migrations" ("version") VALUES (?)[0m  [["version", "20181203185034"]]
  ↳ bin/rails:9
  [1m[35m (0.7ms)[0m  [1m[36mcommit transaction[0m
  ↳ bin/rails:9
Migrating to CreateUsers (20181204111948)
  [1m[35m (0.1ms)[0m  [1m[36mbegin transaction[0m
  ↳ bin/rails:9
  [1m[35m (0.6ms)[0m  [1m[35mCREATE TABLE "users" ("id" integer PRIMARY KEY AUTOINCREMENT NOT NULL, "first_name" varchar, "last_name" varchar, "email" varchar, "password_digest" varchar, "created_at" datetime NOT NULL, "updated_at" datetime NOT NULL)[0m
  ↳ db/migrate/20181204111948_create_users.rb:3
  [1m[36mActiveRecord::SchemaMigration Create (0.2ms)[0m  [1m[32mINSERT INTO "schema_migrations" ("version") VALUES (?)[0m  [["version", "20181204111948"]]
  ↳ bin/rails:9
  [1m[35m (0.7ms)[0m  [1m[36mcommit transaction[0m
  ↳ bin/rails:9
Migrating to CreateMusicians (20181204112101)
  [1m[35m (0.1ms)[0m  [1m[36mbegin transaction[0m
  ↳ bin/rails:9
  [1m[35m (0.6ms)[0m  [1m[35mCREATE TABLE "musicians" ("id" integer PRIMARY KEY AUTOINCREMENT NOT NULL, "stage_name" varchar, "location" varchar, "bio" varchar, "user_id" integer)[0m
  ↳ db/migrate/20181204112101_create_musicians.rb:3
  [1m[36mActiveRecord::SchemaMigration Create (0.2ms)[0m  [1m[32mINSERT INTO "schema_migrations" ("version") VALUES (?)[0m  [["version", "20181204112101"]]
  ↳ bin/rails:9
  [1m[35m (0.7ms)[0m  [1m[36mcommit transaction[0m
  ↳ bin/rails:9
  [1m[36mActiveRecord::InternalMetadata Load (0.2ms)[0m  [1m[34mSELECT  "ar_internal_metadata".* FROM "ar_internal_metadata" WHERE "ar_internal_metadata"."key" = ? LIMIT ?[0m  [["key", "environment"], ["LIMIT", 1]]
  ↳ bin/rails:9
  [1m[35m (0.1ms)[0m  [1m[36mbegin transaction[0m
  ↳ bin/rails:9
  [1m[36mActiveRecord::InternalMetadata Create (0.4ms)[0m  [1m[32mINSERT INTO "ar_internal_metadata" ("key", "value", "created_at", "updated_at") VALUES (?, ?, ?, ?)[0m  [["key", "environment"], ["value", "development"], ["created_at", "2018-12-04 11:27:46.858562"], ["updated_at", "2018-12-04 11:27:46.858562"]]
  ↳ bin/rails:9
  [1m[35m (0.6ms)[0m  [1m[36mcommit transaction[0m
  ↳ bin/rails:9
  [1m[35m (0.2ms)[0m  [1m[34mSELECT "schema_migrations"."version" FROM "schema_migrations" ORDER BY "schema_migrations"."version" ASC[0m
  ↳ bin/rails:9
Started GET "/" for 127.0.0.1 at 2018-12-04 15:40:41 +0000
  [1m[35m (0.1ms)[0m  [1m[34mSELECT "schema_migrations"."version" FROM "schema_migrations" ORDER BY "schema_migrations"."version" ASC[0m
  ↳ /Users/kenanberker/.rvm/gems/ruby-2.3.3/gems/activerecord-5.2.1.1/lib/active_record/log_subscriber.rb:98
Processing by Rails::WelcomeController#index as HTML
  Rendering /Users/kenanberker/.rvm/gems/ruby-2.3.3/gems/railties-5.2.1.1/lib/rails/templates/rails/welcome/index.html.erb
  Rendered /Users/kenanberker/.rvm/gems/ruby-2.3.3/gems/railties-5.2.1.1/lib/rails/templates/rails/welcome/index.html.erb (3.4ms)
Completed 200 OK in 19ms (Views: 7.8ms | ActiveRecord: 0.0ms)


Started GET "/musician/new" for 127.0.0.1 at 2018-12-04 15:41:38 +0000
  
ActionController::RoutingError (No route matches [GET] "/musician/new"):
  
actionpack (5.2.1.1) lib/action_dispatch/middleware/debug_exceptions.rb:65:in `call'
web-console (3.7.0) lib/web_console/middleware.rb:135:in `call_app'
web-console (3.7.0) lib/web_console/middleware.rb:30:in `block in call'
web-console (3.7.0) lib/web_console/middleware.rb:20:in `catch'
web-console (3.7.0) lib/web_console/middleware.rb:20:in `call'
actionpack (5.2.1.1) lib/action_dispatch/middleware/show_exceptions.rb:33:in `call'
railties (5.2.1.1) lib/rails/rack/logger.rb:38:in `call_app'
railties (5.2.1.1) lib/rails/rack/logger.rb:26:in `block in call'
activesupport (5.2.1.1) lib/active_support/tagged_logging.rb:71:in `block in tagged'
activesupport (5.2.1.1) lib/active_support/tagged_logging.rb:28:in `tagged'
activesupport (5.2.1.1) lib/active_support/tagged_logging.rb:71:in `tagged'
railties (5.2.1.1) lib/rails/rack/logger.rb:26:in `call'
sprockets-rails (3.2.1) lib/sprockets/rails/quiet_assets.rb:13:in `call'
actionpack (5.2.1.1) lib/action_dispatch/middleware/remote_ip.rb:81:in `call'
actionpack (5.2.1.1) lib/action_dispatch/middleware/request_id.rb:27:in `call'
rack (2.0.6) lib/rack/method_override.rb:22:in `call'
rack (2.0.6) lib/rack/runtime.rb:22:in `call'
activesupport (5.2.1.1) lib/active_support/cache/strategy/local_cache_middleware.rb:29:in `call'
actionpack (5.2.1.1) lib/action_dispatch/middleware/executor.rb:14:in `call'
actionpack (5.2.1.1) lib/action_dispatch/middleware/static.rb:127:in `call'
rack (2.0.6) lib/rack/sendfile.rb:111:in `call'
railties (5.2.1.1) lib/rails/engine.rb:524:in `call'
puma (3.12.0) lib/puma/configuration.rb:225:in `call'
puma (3.12.0) lib/puma/server.rb:658:in `handle_request'
puma (3.12.0) lib/puma/server.rb:472:in `process_client'
puma (3.12.0) lib/puma/server.rb:332:in `block in run'
puma (3.12.0) lib/puma/thread_pool.rb:133:in `block in spawn_thread'
Started GET "/musicians/new" for 127.0.0.1 at 2018-12-04 15:41:46 +0000
Processing by MusiciansController#new as HTML
  Rendering musicians/new.html.erb within layouts/application
  Rendered musicians/new.html.erb within layouts/application (0.7ms)
Completed 500 Internal Server Error in 29ms (ActiveRecord: 0.8ms)


  
SyntaxError (/Users/kenanberker/Development/mod-2/ror/bandroid/app/views/musicians/new.html.erb:3: syntax error, unexpected keyword_do_block
...ppend=  form_for(@musician), do |f| @output_buffer.safe_appe...
...                               ^
/Users/kenanberker/Development/mod-2/ror/bandroid/app/views/musicians/new.html.erb:11: syntax error, unexpected keyword_ensure, expecting end-of-input):
  
app/views/musicians/new.html.erb:3: syntax error, unexpected keyword_do_block
app/views/musicians/new.html.erb:11: syntax error, unexpected keyword_ensure, expecting end-of-input
Started GET "/musicians/new" for 127.0.0.1 at 2018-12-04 15:42:02 +0000
Processing by MusiciansController#new as HTML
  Rendering musicians/new.html.erb within layouts/application
  Rendered musicians/new.html.erb within layouts/application (11.1ms)
Completed 200 OK in 387ms (Views: 383.9ms | ActiveRecord: 0.0ms)


Started GET "/musicians/new" for 127.0.0.1 at 2018-12-04 15:42:19 +0000
Processing by MusiciansController#new as HTML
  Rendering musicians/new.html.erb within layouts/application
  Rendered musicians/new.html.erb within layouts/application (1.8ms)
Completed 200 OK in 45ms (Views: 41.7ms | ActiveRecord: 0.0ms)


Started GET "/musicians/new" for 127.0.0.1 at 2018-12-04 15:44:04 +0000
Processing by MusiciansController#new as HTML
  Rendering musicians/new.html.erb within layouts/application
  Rendered musicians/new.html.erb within layouts/application (2.7ms)
Completed 200 OK in 44ms (Views: 40.7ms | ActiveRecord: 0.0ms)


Started GET "/musicians/new" for 127.0.0.1 at 2018-12-04 15:45:12 +0000
Processing by MusiciansController#new as HTML
  Rendering musicians/new.html.erb within layouts/application
  Rendered musicians/new.html.erb within layouts/application (2.0ms)
Completed 200 OK in 68ms (Views: 63.2ms | ActiveRecord: 0.0ms)


Started GET "/musicians/new" for 127.0.0.1 at 2018-12-04 15:46:47 +0000
Processing by MusiciansController#new as HTML
  Rendering musicians/new.html.erb within layouts/application
  Rendered musicians/new.html.erb within layouts/application (2.3ms)
Completed 200 OK in 50ms (Views: 46.4ms | ActiveRecord: 0.0ms)


Started GET "/musicians/new" for 127.0.0.1 at 2018-12-04 16:10:15 +0000
Processing by MusiciansController#new as HTML
  Rendering musicians/new.html.erb within layouts/application
  [1m[36mInstrument Load (0.2ms)[0m  [1m[34mSELECT "instruments".* FROM "instruments"[0m
  ↳ app/views/musicians/new.html.erb:11
  Rendered musicians/new.html.erb within layouts/application (11.1ms)
Completed 500 Internal Server Error in 35ms (ActiveRecord: 1.0ms)


  
ActionView::Template::Error (undefined method `map' for nil:NilClass
Did you mean?  tap):
    10: 
    11:   <%= f.collection_check_boxes :instrument_id, @instruments, :id, :name%>
    12: 
    13:   <% f.collection_check_boxes :dog_id, @dogs, :id, :name %> #Checkboxes
    14: 
    15: <% end %>
  
app/views/musicians/new.html.erb:13:in `block in _app_views_musicians_new_html_erb___3285051567570614508_70149073476100'
app/views/musicians/new.html.erb:3:in `_app_views_musicians_new_html_erb___3285051567570614508_70149073476100'
Started GET "/musicians/new" for 127.0.0.1 at 2018-12-04 16:10:39 +0000
Processing by MusiciansController#new as HTML
  Rendering musicians/new.html.erb within layouts/application
  [1m[36mInstrument Load (0.2ms)[0m  [1m[34mSELECT "instruments".* FROM "instruments"[0m
  ↳ app/views/musicians/new.html.erb:11
  Rendered musicians/new.html.erb within layouts/application (3.7ms)
Completed 200 OK in 51ms (Views: 45.9ms | ActiveRecord: 0.2ms)


Started GET "/musicians/new" for 127.0.0.1 at 2018-12-04 16:11:04 +0000
Processing by MusiciansController#new as HTML
  Rendering musicians/new.html.erb within layouts/application
  [1m[36mInstrument Load (0.2ms)[0m  [1m[34mSELECT "instruments".* FROM "instruments"[0m
  ↳ app/views/musicians/new.html.erb:11
  Rendered musicians/new.html.erb within layouts/application (2.5ms)
Completed 200 OK in 39ms (Views: 35.6ms | ActiveRecord: 0.2ms)


Started GET "/musicians" for 127.0.0.1 at 2018-12-04 16:11:11 +0000
Processing by MusiciansController#index as HTML
  Rendering musicians/index.html.erb within layouts/application
  Rendered musicians/index.html.erb within layouts/application (0.3ms)
Completed 200 OK in 37ms (Views: 33.5ms | ActiveRecord: 0.0ms)


Started GET "/musicians/new" for 127.0.0.1 at 2018-12-04 16:11:16 +0000
Processing by MusiciansController#new as HTML
  Rendering musicians/new.html.erb within layouts/application
  [1m[36mInstrument Load (0.1ms)[0m  [1m[34mSELECT "instruments".* FROM "instruments"[0m
  ↳ app/views/musicians/new.html.erb:11
  Rendered musicians/new.html.erb within layouts/application (2.3ms)
Completed 200 OK in 46ms (Views: 42.0ms | ActiveRecord: 0.1ms)


